2021-04-06T18:11:50.700Z [warn] WARNING: {{public-private}} was not converted as it has positional parameters which can't be automatically converted. Source: app/templates/components/import-work-step6.hbs
2021-04-06T18:11:53.377Z [warn] WARNING: {{public-private}} was not converted as it has positional parameters which can't be automatically converted. Source: app/templates/components/workspace-list-item.hbs
2021-04-06T18:11:53.766Z [warn] WARNING: {{public-private}} was not converted as it has positional parameters which can't be automatically converted. Source: app/templates/components/vmt-import-step4.hbs
2021-04-06T18:11:51.201Z [warn] WARNING: {{public-private}} was not converted as it has positional parameters which can't be automatically converted. Source: app/templates/components/problem-list-item.hbs
2021-04-06T18:11:51.203Z [warn] WARNING: {{public-private}} was not converted as it has positional parameters which can't be automatically converted. Source: app/templates/components/problem-list-item.hbs
2021-04-06T18:11:51.933Z [warn] WARNING: {{public-private}} was not converted as it has positional parameters which can't be automatically converted. Source: app/templates/components/problem-info.hbs
2021-04-06T18:11:51.933Z [warn] WARNING: {{privacy-setting}} was not converted as it has positional parameters which can't be automatically converted. Source: app/templates/components/problem-info.hbs
2021-04-06T18:11:51.933Z [warn] WARNING: {{public-private}} was not converted as it has positional parameters which can't be automatically converted. Source: app/templates/components/problem-info.hbs
2021-04-06T18:11:52.995Z [warn] WARNING: {{response-status}} was not converted as it has positional parameters which can't be automatically converted. Source: app/templates/components/response-approver-reply.hbs
2021-04-06T18:11:53.358Z [warn] WARNING: {{pluralize}} was not converted as it has positional parameters which can't be automatically converted. Source: app/templates/components/response-new.hbs
2021-04-06T18:11:53.358Z [warn] WARNING: {{pluralize}} was not converted as it has positional parameters which can't be automatically converted. Source: app/templates/components/response-new.hbs
2021-04-06T18:11:53.740Z [warn] WARNING: {{response-status}} was not converted as it has positional parameters which can't be automatically converted. Source: app/templates/components/response-mentor-reply.hbs
2021-04-06T18:11:55.226Z [warn] WARNING: {{collab-permissions}} was not converted as it has positional parameters which can't be automatically converted. Source: app/templates/components/workspace-info-collaborators.hbs
2021-04-06T18:11:55.226Z [warn] WARNING: {{collab-global-tooltip}} was not converted as it has positional parameters which can't be automatically converted. Source: app/templates/components/workspace-info-collaborators.hbs
2021-04-06T18:11:55.229Z [warn] WARNING: {{collab-permissions}} was not converted as it has positional parameters which can't be automatically converted. Source: app/templates/components/workspace-info-collaborators.hbs
2021-04-06T18:11:55.229Z [warn] WARNING: {{collab-permissions}} was not converted as it has positional parameters which can't be automatically converted. Source: app/templates/components/workspace-info-collaborators.hbs
2021-04-06T18:11:55.229Z [warn] WARNING: {{collab-permissions}} was not converted as it has positional parameters which can't be automatically converted. Source: app/templates/components/workspace-info-collaborators.hbs
2021-04-06T18:11:55.230Z [warn] WARNING: {{collab-permissions}} was not converted as it has positional parameters which can't be automatically converted. Source: app/templates/components/workspace-info-collaborators.hbs
2021-04-06T18:11:55.462Z [warn] WARNING: {{yes-no}} was not converted as it has positional parameters which can't be automatically converted. Source: app/templates/components/workspace-info-settings.hbs
2021-04-06T18:11:55.464Z [warn] WARNING: {{yes-no}} was not converted as it has positional parameters which can't be automatically converted. Source: app/templates/components/workspace-info-settings.hbs
2021-04-06T18:11:55.544Z [warn] WARNING: {{public-private}} was not converted as it has positional parameters which can't be automatically converted. Source: app/templates/components/workspace-info-summary.hbs
2021-04-06T18:11:53.381Z [warn] WARNING: {{public-private}} was not converted as it has positional parameters which can't be automatically converted. Source: app/templates/components/workspace-list-item.hbs
2021-04-06T18:11:55.458Z [warn] WARNING: {{public-private}} was not converted as it has positional parameters which can't be automatically converted. Source: app/templates/components/ws-copy-review.hbs
2021-04-06T18:11:55.485Z [warn] WARNING: {{collab-permissions}} was not converted as it has positional parameters which can't be automatically converted. Source: app/templates/components/ws-new-settings-permissions.hbs
